<?xml version="1.0" encoding="utf-8"?>
<rss version="2.0"
		xmlns:opensearch="http://a9.com/-/spec/opensearch/1.1/"
		xmlns:atom="http://www.w3.org/2005/Atom" >
	<channel>
		<opensearch:totalResults>1074</opensearch:totalResults>
		<title>Job Search RSS</title>
		<description></description>
		<link>https://www.pharmiweb.jobs/jobsrss/?keywords=data&amp;countrycode=GB</link>
		<atom:link href="https://www.pharmiweb.jobs/jobsrss/?keywords=data&amp;countrycode=GB" rel="self" type="application/rss+xml" />
		<pubDate>Sat, 23 May 2026 17:48:49 +0000</pubDate>
		<lastBuildDate>Sat, 23 May 2026 17:48:49 +0000</lastBuildDate>
		<generator>PharmiWeb.jobs</generator>
		<item>
			<title>ICON Strategic Solutions: Clinical Data Coordinator</title>
			<description>
Competitive:

ICON Strategic Solutions:
Clinical Data Coordinator I ( CDC) / Junior Clinical Data Manager (CDM) / Clinical Data Reviewer / Data Manager - Hybrid - Warsaw, Poland   ICON plc i
Poland
</description>
			<link>https://www.pharmiweb.jobs/job/2150982/clinical-data-coordinator/?TrackID=11&amp;utm_source=rss&amp;utm_medium=feed&amp;utm_campaign=general</link>
			<pubDate>Mon, 18 May 2026 00:00:00 +0000</pubDate>
			<guid isPermaLink="true">https://www.pharmiweb.jobs/job/2150982/clinical-data-coordinator/?TrackID=11&amp;utm_source=rss&amp;utm_medium=feed&amp;utm_campaign=general</guid>
		</item>
		<item>
			<title>Cytel - EMEA: Senior Clinical Data Manager</title>
			<description>
Competitive:

Cytel - EMEA:
The Senior Clinical Data Manager will provide comprehensive data management support for assigned clinical studies. The SCDM will be responsible for...
London, United Kingdom
</description>
			<link>https://www.pharmiweb.jobs/job/2150365/senior-clinical-data-manager/?TrackID=11&amp;utm_source=rss&amp;utm_medium=feed&amp;utm_campaign=general</link>
			<pubDate>Thu, 14 May 2026 00:00:00 +0000</pubDate>
			<guid isPermaLink="true">https://www.pharmiweb.jobs/job/2150365/senior-clinical-data-manager/?TrackID=11&amp;utm_source=rss&amp;utm_medium=feed&amp;utm_campaign=general</guid>
		</item>
		<item>
			<title>CSL (EMEA): Principal Programmer ( Data Oversight &amp; Standards)</title>
			<description>
Competitive:

CSL (EMEA):
Principal Programmer - Clinical Data Oversight &amp; Standards provides leadership and oversight for clinical data build, programming, and vendor deliv...
US; Switzerland
</description>
			<link>https://www.pharmiweb.jobs/job/2149442/principal-programmer-data-oversight-and-standards-/?TrackID=11&amp;utm_source=rss&amp;utm_medium=feed&amp;utm_campaign=general</link>
			<pubDate>Fri, 08 May 2026 00:00:00 +0000</pubDate>
			<guid isPermaLink="true">https://www.pharmiweb.jobs/job/2149442/principal-programmer-data-oversight-and-standards-/?TrackID=11&amp;utm_source=rss&amp;utm_medium=feed&amp;utm_campaign=general</guid>
		</item>
		<item>
			<title>ICON Plc: Senior Clinical Data Coordinator</title>
			<description>
Competitive:

ICON Plc:
Senior Clinical Data Coordinator - Mexico City (Hybrid) ICON plc is a world-leading healthcare intelligence and clinical research organization. We're
Mexico
</description>
			<link>https://www.pharmiweb.jobs/job/2148125/senior-clinical-data-coordinator/?TrackID=11&amp;utm_source=rss&amp;utm_medium=feed&amp;utm_campaign=general</link>
			<pubDate>Wed, 06 May 2026 00:00:00 +0000</pubDate>
			<guid isPermaLink="true">https://www.pharmiweb.jobs/job/2148125/senior-clinical-data-coordinator/?TrackID=11&amp;utm_source=rss&amp;utm_medium=feed&amp;utm_campaign=general</guid>
		</item>
		<item>
			<title>PHASTAR: Senior Clinical Data Manager</title>
			<description>
Competitive:

PHASTAR:
As a Senior Data Manager specializing in clinical trials across multiple sponsors and therapeutic areas, you will lead the study, providing expert...
United Kingdom
</description>
			<link>https://www.pharmiweb.jobs/job/2147036/senior-clinical-data-manager/?TrackID=11&amp;utm_source=rss&amp;utm_medium=feed&amp;utm_campaign=general</link>
			<pubDate>Fri, 01 May 2026 00:00:00 +0000</pubDate>
			<guid isPermaLink="true">https://www.pharmiweb.jobs/job/2147036/senior-clinical-data-manager/?TrackID=11&amp;utm_source=rss&amp;utm_medium=feed&amp;utm_campaign=general</guid>
		</item>
		<item>
			<title>ICON Strategic Solutions: Clinical Data Coordinator I</title>
			<description>
Competitive:

ICON Strategic Solutions:
Clinical Data Coordinator I, Warsaw (Hybrid)   ICON plc is a world-leading healthcare intelligence and clinical research organization. We’re proud to 
Poland
</description>
			<link>https://www.pharmiweb.jobs/job/2147415/clinical-data-coordinator-i/?TrackID=11&amp;utm_source=rss&amp;utm_medium=feed&amp;utm_campaign=general</link>
			<pubDate>Sat, 02 May 2026 00:00:00 +0000</pubDate>
			<guid isPermaLink="true">https://www.pharmiweb.jobs/job/2147415/clinical-data-coordinator-i/?TrackID=11&amp;utm_source=rss&amp;utm_medium=feed&amp;utm_campaign=general</guid>
		</item>
		<item>
			<title>ICON Plc: Clinical Data Science Programmer</title>
			<description>
Competitive:

ICON Plc:
Clinical Data Science Programmer- Office based- Bengaluru/ Chennai/ Trivandrum ICON plc is a world-leading healthcare intelligence and clinical resear
India
</description>
			<link>https://www.pharmiweb.jobs/job/2151603/clinical-data-science-programmer/?TrackID=11&amp;utm_source=rss&amp;utm_medium=feed&amp;utm_campaign=general</link>
			<pubDate>Fri, 22 May 2026 00:00:00 +0000</pubDate>
			<guid isPermaLink="true">https://www.pharmiweb.jobs/job/2151603/clinical-data-science-programmer/?TrackID=11&amp;utm_source=rss&amp;utm_medium=feed&amp;utm_campaign=general</guid>
		</item>
		<item>
			<title>ICON Plc: Clinical Data Coordinator II</title>
			<description>
Competitive:

ICON Plc:
Clinical Data Coordinator II - Mexico City (Hybrid) ICON plc is a world-leading healthcare intelligence and clinical research organization. We're prou
Mexico
</description>
			<link>https://www.pharmiweb.jobs/job/2150162/clinical-data-coordinator-ii/?TrackID=11&amp;utm_source=rss&amp;utm_medium=feed&amp;utm_campaign=general</link>
			<pubDate>Tue, 12 May 2026 00:00:00 +0000</pubDate>
			<guid isPermaLink="true">https://www.pharmiweb.jobs/job/2150162/clinical-data-coordinator-ii/?TrackID=11&amp;utm_source=rss&amp;utm_medium=feed&amp;utm_campaign=general</guid>
		</item>
		<item>
			<title>ICON Strategic Solutions: Clinical Data Science Lead</title>
			<description>
Competitive:

ICON Strategic Solutions:
Clinical Data Science Lead   ICON plc is a world-leading healthcare intelligence and clinical research organization. We’re proud to foster an inclusiv
South Africa, Homeworking
</description>
			<link>https://www.pharmiweb.jobs/job/2150302/clinical-data-science-lead/?TrackID=11&amp;utm_source=rss&amp;utm_medium=feed&amp;utm_campaign=general</link>
			<pubDate>Wed, 13 May 2026 00:00:00 +0000</pubDate>
			<guid isPermaLink="true">https://www.pharmiweb.jobs/job/2150302/clinical-data-science-lead/?TrackID=11&amp;utm_source=rss&amp;utm_medium=feed&amp;utm_campaign=general</guid>
		</item>
		<item>
			<title>ICON Strategic Solutions: Clinical Data Coordinator II</title>
			<description>
Competitive:

ICON Strategic Solutions:
Clinical Data Coordinator - Homebased - PHL   ICON plc is a world-leading healthcare intelligence and clinical research organization. We’re proud to f
Philippines, Homeworking
</description>
			<link>https://www.pharmiweb.jobs/job/2146983/clinical-data-coordinator-ii/?TrackID=11&amp;utm_source=rss&amp;utm_medium=feed&amp;utm_campaign=general</link>
			<pubDate>Thu, 30 Apr 2026 00:00:00 +0000</pubDate>
			<guid isPermaLink="true">https://www.pharmiweb.jobs/job/2146983/clinical-data-coordinator-ii/?TrackID=11&amp;utm_source=rss&amp;utm_medium=feed&amp;utm_campaign=general</guid>
		</item>
		<item>
			<title>ICON Plc: Clinical Data Science Programmer</title>
			<description>
Competitive:

ICON Plc:
Clinical Data Science Programmer - Mexico (Hybrid or Remote) ICON plc is a world-leading healthcare intelligence and clinical research organization. W
Mexico, Homeworking
</description>
			<link>https://www.pharmiweb.jobs/job/2148128/clinical-data-science-programmer/?TrackID=11&amp;utm_source=rss&amp;utm_medium=feed&amp;utm_campaign=general</link>
			<pubDate>Wed, 06 May 2026 00:00:00 +0000</pubDate>
			<guid isPermaLink="true">https://www.pharmiweb.jobs/job/2148128/clinical-data-science-programmer/?TrackID=11&amp;utm_source=rss&amp;utm_medium=feed&amp;utm_campaign=general</guid>
		</item>
		<item>
			<title>ICON Strategic Solutions: Manager, Clinical Data Science</title>
			<description>
Competitive:

ICON Strategic Solutions:
Manager, Clinical Data Science   ICON plc is a world-leading healthcare intelligence and clinical research organization. We’re proud to foster an incl
India
</description>
			<link>https://www.pharmiweb.jobs/job/2147671/manager-clinical-data-science/?TrackID=11&amp;utm_source=rss&amp;utm_medium=feed&amp;utm_campaign=general</link>
			<pubDate>Mon, 04 May 2026 00:00:00 +0000</pubDate>
			<guid isPermaLink="true">https://www.pharmiweb.jobs/job/2147671/manager-clinical-data-science/?TrackID=11&amp;utm_source=rss&amp;utm_medium=feed&amp;utm_campaign=general</guid>
		</item>
		<item>
			<title>ICON Strategic Solutions: Clinical Data Coordinator II</title>
			<description>
Competitive:

ICON Strategic Solutions:
Clinical Data Coordinator II   ICON plc is a world-leading healthcare intelligence and clinical research organization. We’re proud to foster an inclus
United Kingdom
</description>
			<link>https://www.pharmiweb.jobs/job/2149947/clinical-data-coordinator-ii/?TrackID=11&amp;utm_source=rss&amp;utm_medium=feed&amp;utm_campaign=general</link>
			<pubDate>Mon, 11 May 2026 00:00:00 +0000</pubDate>
			<guid isPermaLink="true">https://www.pharmiweb.jobs/job/2149947/clinical-data-coordinator-ii/?TrackID=11&amp;utm_source=rss&amp;utm_medium=feed&amp;utm_campaign=general</guid>
		</item>
		<item>
			<title>ICON Strategic Solutions: Medical Data Reviewer</title>
			<description>
Competitive:

ICON Strategic Solutions:
Medical Data Reviewer   ICON plc is a world-leading healthcare intelligence and clinical research organization. We’re proud to foster an inclusive env
Canada
</description>
			<link>https://www.pharmiweb.jobs/job/2151298/medical-data-reviewer/?TrackID=11&amp;utm_source=rss&amp;utm_medium=feed&amp;utm_campaign=general</link>
			<pubDate>Wed, 20 May 2026 00:00:00 +0000</pubDate>
			<guid isPermaLink="true">https://www.pharmiweb.jobs/job/2151298/medical-data-reviewer/?TrackID=11&amp;utm_source=rss&amp;utm_medium=feed&amp;utm_campaign=general</guid>
		</item>
		<item>
			<title>ICON Strategic Solutions: Medical Data Reviewer</title>
			<description>
Competitive:

ICON Strategic Solutions:
Medical Data Reviewer   ICON plc is a world-leading healthcare intelligence and clinical research organization. We’re proud to foster an inclusive env
United Kingdom, Homeworking
</description>
			<link>https://www.pharmiweb.jobs/job/2147412/medical-data-reviewer/?TrackID=11&amp;utm_source=rss&amp;utm_medium=feed&amp;utm_campaign=general</link>
			<pubDate>Sat, 02 May 2026 00:00:00 +0000</pubDate>
			<guid isPermaLink="true">https://www.pharmiweb.jobs/job/2147412/medical-data-reviewer/?TrackID=11&amp;utm_source=rss&amp;utm_medium=feed&amp;utm_campaign=general</guid>
		</item>
		<item>
			<title>ICON Plc: Clinical Data Programming Lead</title>
			<description>
Competitive:

ICON Plc:
Clinical Data Programming Lead - Homebased - Mexico ICON plc is a world-leading healthcare intelligence and clinical research organization. We're prou
Mexico
</description>
			<link>https://www.pharmiweb.jobs/job/2151012/clinical-data-programming-lead/?TrackID=11&amp;utm_source=rss&amp;utm_medium=feed&amp;utm_campaign=general</link>
			<pubDate>Mon, 18 May 2026 00:00:00 +0000</pubDate>
			<guid isPermaLink="true">https://www.pharmiweb.jobs/job/2151012/clinical-data-programming-lead/?TrackID=11&amp;utm_source=rss&amp;utm_medium=feed&amp;utm_campaign=general</guid>
		</item>
		<item>
			<title>ICON Strategic Solutions: Clinical Data Scientist</title>
			<description>
Competitive:

ICON Strategic Solutions:
Clinical Data Scientist   ICON plc is a world-leading healthcare intelligence and clinical research organization. We’re proud to foster an inclusive e
Kenya
</description>
			<link>https://www.pharmiweb.jobs/job/2147836/clinical-data-scientist/?TrackID=11&amp;utm_source=rss&amp;utm_medium=feed&amp;utm_campaign=general</link>
			<pubDate>Tue, 05 May 2026 00:00:00 +0000</pubDate>
			<guid isPermaLink="true">https://www.pharmiweb.jobs/job/2147836/clinical-data-scientist/?TrackID=11&amp;utm_source=rss&amp;utm_medium=feed&amp;utm_campaign=general</guid>
		</item>
		<item>
			<title>Regeneron: Senior  Manager Clinical Data Management Study Lead</title>
			<description>
Competitive:

Regeneron:
The Senior Manager, Clinical Data Management provides oversight of lead Data Manager(s) on assigned clinical data management projects in multiple t...
Uxbridge, Middlesex, United Kingdom
</description>
			<link>https://www.pharmiweb.jobs/job/2150634/senior-manager-clinical-data-management-study-lead/?TrackID=11&amp;utm_source=rss&amp;utm_medium=feed&amp;utm_campaign=general</link>
			<pubDate>Fri, 15 May 2026 00:00:00 +0000</pubDate>
			<guid isPermaLink="true">https://www.pharmiweb.jobs/job/2150634/senior-manager-clinical-data-management-study-lead/?TrackID=11&amp;utm_source=rss&amp;utm_medium=feed&amp;utm_campaign=general</guid>
		</item>
		<item>
			<title>Fortrea: Clinical Data Manager - Early Phase</title>
			<description>
Competitive:

Fortrea:
Clinical Data Manager - Early Phase - full remote or hybrid Do you have experience leading data management activities across early phase studies? A...
Leeds, United Kingdom
</description>
			<link>https://www.pharmiweb.jobs/job/2147243/clinical-data-manager-early-phase/?TrackID=11&amp;utm_source=rss&amp;utm_medium=feed&amp;utm_campaign=general</link>
			<pubDate>Fri, 01 May 2026 00:00:00 +0000</pubDate>
			<guid isPermaLink="true">https://www.pharmiweb.jobs/job/2147243/clinical-data-manager-early-phase/?TrackID=11&amp;utm_source=rss&amp;utm_medium=feed&amp;utm_campaign=general</guid>
		</item>
		<item>
			<title>ICON Plc: Principal Clinical Data Science Programmer</title>
			<description>
Competitive:

ICON Plc:
Principal Clinical Data Science Programmer - Mexico &amp; Colombia ICON plc is a world-leading healthcare intelligence and clinical research organization.
Colombia, Homeworking
</description>
			<link>https://www.pharmiweb.jobs/job/2151583/principal-clinical-data-science-programmer/?TrackID=11&amp;utm_source=rss&amp;utm_medium=feed&amp;utm_campaign=general</link>
			<pubDate>Fri, 22 May 2026 00:00:00 +0000</pubDate>
			<guid isPermaLink="true">https://www.pharmiweb.jobs/job/2151583/principal-clinical-data-science-programmer/?TrackID=11&amp;utm_source=rss&amp;utm_medium=feed&amp;utm_campaign=general</guid>
		</item>
	</channel>
</rss>